<?xml version="1.0" encoding="UTF-8"?>
<!-- Generated by org.testng.reporters.JUnitReportReporter -->
<testsuite hostname="QT-INBG-LT0218" failures="0" tests="1" name="Blockuser" time="3.714" errors="0" timestamp="2021-04-08T11:04:15 IST" skipped="0">
  <testcase classname="Blockuser" name="block_user" time="3.714"/>
  <system-out/>
</testsuite> <!-- Blockuser -->
